{
  "stats": {
    "suites": 1,
    "tests": 1,
    "passes": 1,
    "pending": 0,
    "failures": 0,
    "start": "2026-08-25T21:16:33.874Z",
    "end": "2026-08-25T21:17:03.802Z",
    "duration": 29928,
    "testsRegistered": 1,
    "passPercent": 100,
    "pendingPercent": 0,
    "other": 0,
    "hasOther": false,
    "skipped": 0,
    "hasSkipped": false
  },
  "results": [
    {
      "uuid": "5e282250-c159-41ed-9147-06e38b990b51",
      "title": "",
      "fullFile": "cypress/e2e/00_smoke/01_ODH.cy.js",
      "file": "cypress/e2e/00_smoke/01_ODH.cy.js",
      "beforeHooks": [],
      "afterHooks": [],
      "tests": [],
      "suites": [
        {
          "uuid": "14a269f6-e255-477e-be14-9a965da9065f",
          "title": "Outlet de Hotéis",
          "fullFile": "",
          "file": "",
          "beforeHooks": [],
          "afterHooks": [],
          "tests": [
            {
              "title": "Outlet de Hotéis - Busca de destinos, Hotéis em promoção hoje, Promoção em hotéis por destino",
              "fullTitle": "Outlet de Hotéis Outlet de Hotéis - Busca de destinos, Hotéis em promoção hoje, Promoção em hotéis por destino",
              "timedOut": null,
              "duration": 27547,
              "state": "passed",
              "speed": "slow",
              "pass": true,
              "fail": false,
              "pending": false,
              "context": null,
              "code": "cy.visit(odh);\n_HomePage.default.odhAssertHome();\ncy.wait(2000);\n_SearchPage.default.odhBuscaDestino();\n_SearchPage.default.odhCheckIn();\n_SearchPage.default.odhConfirmarBusca();\n_SearchPage.default.odhLoaderBusca();\n_OfferPage.default.odhSelecionarHospedagem();\n_HomePage.default.odhHome();\n_HomePage.default.odhPromoHoje();\n// Promoção em hotéis por destino\n// cy.contains(\"Promoção em hotéis por destino\").should(\"be.visible\");\n// cy.get('img[alt=\"Fernando de Noronha\"]').click();\n// cy.contains(/(resultados de hospedagens|Nenhum hotel encontrado)/i).should(\"be.visible\");\n// cy.get(\".cursor-pointer > .h-8\").click();\n// cy.get('img[alt=\"Jericoacoara\"]').click();\n// cy.contains(/(resultados de hospedagens|Nenhum hotel encontrado)/i).should(\"be.visible\");\n// cy.get(\".cursor-pointer > .h-8\").click();\n// cy.get('img[alt=\"Porto de Galinhas\"]').click();\n// cy.contains(/(resultados de hospedagens|Nenhum hotel encontrado)/i).should(\"be.visible\");\n// cy.get(\".cursor-pointer > .h-8\").click();",
              "err": {},
              "uuid": "c3e4387d-c8ab-43c2-bf34-cadf1b16fb14",
              "parentUUID": "14a269f6-e255-477e-be14-9a965da9065f",
              "isHook": false,
              "skipped": false
            }
          ],
          "suites": [],
          "passes": [
            "c3e4387d-c8ab-43c2-bf34-cadf1b16fb14"
          ],
          "failures": [],
          "pending": [],
          "skipped": [],
          "duration": 27547,
          "root": false,
          "rootEmpty": false,
          "_timeout": 2000
        }
      ],
      "passes": [],
      "failures": [],
      "pending": [],
      "skipped": [],
      "duration": 0,
      "root": true,
      "rootEmpty": true,
      "_timeout": 2000
    }
  ],
  "meta": {
    "mocha": {
      "version": "7.2.0"
    },
    "mochawesome": {
      "options": {
        "quiet": false,
        "reportFilename": "mochawesome",
        "saveHtml": false,
        "saveJson": true,
        "consoleReporter": "spec",
        "useInlineDiffs": false,
        "code": true
      },
      "version": "7.1.4"
    },
    "marge": {
      "options": {
        "reportDir": "cypress/reports/.jsons",
        "charts": true,
        "reportPageTitle": "Relatório de Testes em Produção - ODH/ODP/Giro/Wemobi/UTP",
        "overwrite": false,
        "html": false,
        "json": true,
        "saveJson": true,
        "embeddedScreenshots": true,
        "inlineAssets": true
      },
      "version": "6.3.2"
    }
  }
}