{
  "stats": {
    "suites": 1,
    "tests": 1,
    "passes": 1,
    "pending": 0,
    "failures": 0,
    "start": "2026-08-06T13:32:49.077Z",
    "end": "2026-08-06T13:33:57.648Z",
    "duration": 68571,
    "testsRegistered": 1,
    "passPercent": 100,
    "pendingPercent": 0,
    "other": 0,
    "hasOther": false,
    "skipped": 0,
    "hasSkipped": false
  },
  "results": [
    {
      "uuid": "22da8403-c3ed-4d7d-add1-2e8e9a410633",
      "title": "",
      "fullFile": "cypress/e2e/00_smoke/06_1001.cy.js",
      "file": "cypress/e2e/00_smoke/06_1001.cy.js",
      "beforeHooks": [],
      "afterHooks": [],
      "tests": [],
      "suites": [
        {
          "uuid": "2a1b2f31-a7d7-4531-89d4-2d0a5b26c0fd",
          "title": "Auto Viação 1001",
          "fullFile": "",
          "file": "",
          "beforeHooks": [],
          "afterHooks": [],
          "tests": [
            {
              "title": "Auto Viação 1001 - Deve fazer login, busca de destinos, selecionar datas, seleção de passagens, selecionar assentos",
              "fullTitle": "Auto Viação 1001 Auto Viação 1001 - Deve fazer login, busca de destinos, selecionar datas, seleção de passagens, selecionar assentos",
              "timedOut": null,
              "duration": 65473,
              "state": "passed",
              "speed": "slow",
              "pass": true,
              "fail": false,
              "pending": false,
              "context": null,
              "code": "cy.env([\"login1\", \"senha1\"]).then(() => {\n  cy.visit(viacao1001);\n  _LoginPage.default.abrirModalLogin();\n  _LoginPage.default.preencherUsuario();\n  _LoginPage.default.PreencherSenha();\n  _LoginPage.default.confirmarLogin();\n  _LoginPage.default.logadoComSucesso();\n});\n_SearchPage.default.buscaOrigem();\n_SearchPage.default.buscaDestino();\n_SearchPage.default.dataIda();\n_SearchPage.default.confirmarBusca();\n_OfferPage.default.selecionarPassagemIda();\n_PassengerPage.default.selecionarPassageiro();\n_SeatMapPage.default.selecionarAssento();\n_CheckoutPage.default.resumoDaCompra();\n// cy.get('[alt=\"loader\"]').should('not.be.visible')\n// cy.url({ timeout: 90000 }).should('include', '/pagamento')\n// Não finalizar a compra para evitar transações reais\n// cy.get(loc.LOADER).should('not.exist')\n// cy.get('#tab-pix').click()\n// cy.get('.conditions-check', { timeout: 20000 }).click({ force: true })\n// cy.get('#payment-submit').should('be.visible').and('not.be.disabled').click();",
              "err": {},
              "uuid": "e0c4c472-4aa2-4411-aaa3-0d17bb8635a3",
              "parentUUID": "2a1b2f31-a7d7-4531-89d4-2d0a5b26c0fd",
              "isHook": false,
              "skipped": false
            }
          ],
          "suites": [],
          "passes": [
            "e0c4c472-4aa2-4411-aaa3-0d17bb8635a3"
          ],
          "failures": [],
          "pending": [],
          "skipped": [],
          "duration": 65473,
          "root": false,
          "rootEmpty": false,
          "_timeout": 2000
        }
      ],
      "passes": [],
      "failures": [],
      "pending": [],
      "skipped": [],
      "duration": 0,
      "root": true,
      "rootEmpty": true,
      "_timeout": 2000
    }
  ],
  "meta": {
    "mocha": {
      "version": "7.2.0"
    },
    "mochawesome": {
      "options": {
        "quiet": false,
        "reportFilename": "mochawesome",
        "saveHtml": false,
        "saveJson": true,
        "consoleReporter": "spec",
        "useInlineDiffs": false,
        "code": true
      },
      "version": "7.1.4"
    },
    "marge": {
      "options": {
        "reportDir": "cypress/reports/.jsons",
        "charts": true,
        "reportPageTitle": "Relatório de Testes em Produção - ODH/ODP/Giro/Wemobi/UTP",
        "overwrite": false,
        "html": false,
        "json": true,
        "embeddedScreenshots": true,
        "inlineAssets": true
      },
      "version": "6.3.2"
    }
  }
}