{
  "stats": {
    "suites": 1,
    "tests": 1,
    "passes": 1,
    "pending": 0,
    "failures": 0,
    "start": "2026-08-06T13:35:13.963Z",
    "end": "2026-08-06T13:36:12.015Z",
    "duration": 58052,
    "testsRegistered": 1,
    "passPercent": 100,
    "pendingPercent": 0,
    "other": 0,
    "hasOther": false,
    "skipped": 0,
    "hasSkipped": false
  },
  "results": [
    {
      "uuid": "9a53f124-3c28-4049-984d-831f386137b9",
      "title": "",
      "fullFile": "cypress/e2e/00_smoke/08_RapidoRibeirao.cy.js",
      "file": "cypress/e2e/00_smoke/08_RapidoRibeirao.cy.js",
      "beforeHooks": [],
      "afterHooks": [],
      "tests": [],
      "suites": [
        {
          "uuid": "9c1c8dc1-f225-4ca4-9f93-09a2018a207d",
          "title": "Rapido Ribeirão",
          "fullFile": "",
          "file": "",
          "beforeHooks": [],
          "afterHooks": [],
          "tests": [
            {
              "title": "Rapido Ribeirão - Deve fazer login, busca de destinos, selecionar datas, seleção de passagens, selecionar assentos",
              "fullTitle": "Rapido Ribeirão Rapido Ribeirão - Deve fazer login, busca de destinos, selecionar datas, seleção de passagens, selecionar assentos",
              "timedOut": null,
              "duration": 54637,
              "state": "passed",
              "speed": "slow",
              "pass": true,
              "fail": false,
              "pending": false,
              "context": null,
              "code": "cy.env([\"login\", \"senha\"]).then(() => {\n  cy.visit(rapidoRibeirao);\n  _LoginPage.default.abrirModalLogin();\n  _LoginPage.default.preencherUsuario();\n  _LoginPage.default.PreencherSenha();\n  _LoginPage.default.confirmarLogin();\n  _LoginPage.default.logadoComSucesso();\n});\n_SearchPage.default.buscaOrigem();\n_SearchPage.default.buscaDestino();\n_SearchPage.default.dataIda();\n_SearchPage.default.confirmarBusca();\n_OfferPage.default.selecionarPassagemIda();\n_PassengerPage.default.selecionarPassageiro();\n_SeatMapPage.default.selecionarAssento();\n_CheckoutPage.default.resumoDaCompra();\n// cy.url({ timeout: 90000 }).should('include', '/pagamento')\n// Não finalizar a compra para evitar transações reais\n// cy.get(loc.LOADER).should('not.exist')\n// cy.get('#tab-pix').click()\n// cy.get('.conditions-check', { timeout: 20000 }).click({ force: true })\n// cy.get('#payment-submit').should('be.visible').and('not.be.disabled').click();",
              "err": {},
              "uuid": "f083effe-ced2-4685-8c1e-6375d5236451",
              "parentUUID": "9c1c8dc1-f225-4ca4-9f93-09a2018a207d",
              "isHook": false,
              "skipped": false
            }
          ],
          "suites": [],
          "passes": [
            "f083effe-ced2-4685-8c1e-6375d5236451"
          ],
          "failures": [],
          "pending": [],
          "skipped": [],
          "duration": 54637,
          "root": false,
          "rootEmpty": false,
          "_timeout": 2000
        }
      ],
      "passes": [],
      "failures": [],
      "pending": [],
      "skipped": [],
      "duration": 0,
      "root": true,
      "rootEmpty": true,
      "_timeout": 2000
    }
  ],
  "meta": {
    "mocha": {
      "version": "7.2.0"
    },
    "mochawesome": {
      "options": {
        "quiet": false,
        "reportFilename": "mochawesome",
        "saveHtml": false,
        "saveJson": true,
        "consoleReporter": "spec",
        "useInlineDiffs": false,
        "code": true
      },
      "version": "7.1.4"
    },
    "marge": {
      "options": {
        "reportDir": "cypress/reports/.jsons",
        "charts": true,
        "reportPageTitle": "Relatório de Testes em Produção - ODH/ODP/Giro/Wemobi/UTP",
        "overwrite": false,
        "html": false,
        "json": true,
        "embeddedScreenshots": true,
        "inlineAssets": true
      },
      "version": "6.3.2"
    }
  }
}