{
  "stats": {
    "suites": 1,
    "tests": 1,
    "passes": 1,
    "pending": 0,
    "failures": 0,
    "start": "2026-08-06T13:27:43.568Z",
    "end": "2026-08-06T13:28:53.111Z",
    "duration": 69543,
    "testsRegistered": 1,
    "passPercent": 100,
    "pendingPercent": 0,
    "other": 0,
    "hasOther": false,
    "skipped": 0,
    "hasSkipped": false
  },
  "results": [
    {
      "uuid": "7c5b50c9-11ac-4042-8b9a-13892d5129d6",
      "title": "",
      "fullFile": "cypress/e2e/00_smoke/02_ODP.cy.js",
      "file": "cypress/e2e/00_smoke/02_ODP.cy.js",
      "beforeHooks": [],
      "afterHooks": [],
      "tests": [],
      "suites": [
        {
          "uuid": "f3d3c356-8de4-444f-ba67-2cf31ed26480",
          "title": "Outlet de Passagens",
          "fullFile": "",
          "file": "",
          "beforeHooks": [],
          "afterHooks": [],
          "tests": [
            {
              "title": "Outlet de passagens - Deve fazer login, busca de destinos, selecionar datas, seleção de passagens, selecionar assentos",
              "fullTitle": "Outlet de Passagens Outlet de passagens - Deve fazer login, busca de destinos, selecionar datas, seleção de passagens, selecionar assentos",
              "timedOut": null,
              "duration": 66730,
              "state": "passed",
              "speed": "slow",
              "pass": true,
              "fail": false,
              "pending": false,
              "context": null,
              "code": "cy.env([\"login\", \"senha\"]).then(() => {\n  cy.visit(odp);\n  _LoginPage.default.odpModalLogin();\n  _LoginPage.default.odpPreencherUsuario();\n  _LoginPage.default.odpPreencherSenha();\n  _LoginPage.default.odpConfirmarLogin();\n  _LoginPage.default.odpLogadoComSucesso();\n});\n_SearchPage.default.odpBuscaOrigem();\n_SearchPage.default.odpBuscaDestino();\n_SearchPage.default.odpDataIda();\n_SearchPage.default.odpConfirmarBusca();\n_OfferPage.default.odpSelecionarPassagemIda();\n_PassengerPage.default.odpSelecionarPassageiro();\n_CheckoutPage.default.odpResumoDaCompra();",
              "err": {},
              "uuid": "3ad533f7-2017-4f59-9179-be3ae5608b52",
              "parentUUID": "f3d3c356-8de4-444f-ba67-2cf31ed26480",
              "isHook": false,
              "skipped": false
            }
          ],
          "suites": [],
          "passes": [
            "3ad533f7-2017-4f59-9179-be3ae5608b52"
          ],
          "failures": [],
          "pending": [],
          "skipped": [],
          "duration": 66730,
          "root": false,
          "rootEmpty": false,
          "_timeout": 2000
        }
      ],
      "passes": [],
      "failures": [],
      "pending": [],
      "skipped": [],
      "duration": 0,
      "root": true,
      "rootEmpty": true,
      "_timeout": 2000
    }
  ],
  "meta": {
    "mocha": {
      "version": "7.2.0"
    },
    "mochawesome": {
      "options": {
        "quiet": false,
        "reportFilename": "mochawesome",
        "saveHtml": false,
        "saveJson": true,
        "consoleReporter": "spec",
        "useInlineDiffs": false,
        "code": true
      },
      "version": "7.1.4"
    },
    "marge": {
      "options": {
        "reportDir": "cypress/reports/.jsons",
        "charts": true,
        "reportPageTitle": "Relatório de Testes em Produção - ODH/ODP/Giro/Wemobi/UTP",
        "overwrite": false,
        "html": false,
        "json": true,
        "embeddedScreenshots": true,
        "inlineAssets": true
      },
      "version": "6.3.2"
    }
  }
}