{
  "stats": {
    "suites": 1,
    "tests": 1,
    "passes": 1,
    "pending": 0,
    "failures": 0,
    "start": "2026-08-06T13:28:54.817Z",
    "end": "2026-08-06T13:30:19.869Z",
    "duration": 85052,
    "testsRegistered": 1,
    "passPercent": 100,
    "pendingPercent": 0,
    "other": 0,
    "hasOther": false,
    "skipped": 0,
    "hasSkipped": false
  },
  "results": [
    {
      "uuid": "a7143783-faf5-4db3-bc88-cb8983f00845",
      "title": "",
      "fullFile": "cypress/e2e/00_smoke/03_Giro.cy.js",
      "file": "cypress/e2e/00_smoke/03_Giro.cy.js",
      "beforeHooks": [],
      "afterHooks": [],
      "tests": [],
      "suites": [
        {
          "uuid": "cb616575-47c6-400f-9563-0f764f7d50f2",
          "title": "Clube Giro",
          "fullFile": "",
          "file": "",
          "beforeHooks": [],
          "afterHooks": [],
          "tests": [
            {
              "title": "Giro - Deve fazer login, busca de destinos, selecionar datas, seleção de passagens, selecionar assentos",
              "fullTitle": "Clube Giro Giro - Deve fazer login, busca de destinos, selecionar datas, seleção de passagens, selecionar assentos",
              "timedOut": null,
              "duration": 82158,
              "state": "passed",
              "speed": "slow",
              "pass": true,
              "fail": false,
              "pending": false,
              "context": null,
              "code": "cy.env([\"login2\", \"senha\"]).then(() => {\n  cy.visit(giro);\n  _LoginPage.default.giroModalLogin();\n  _LoginPage.default.giroAssertAcesse();\n  _LoginPage.default.giroPreencherUsuario();\n  _LoginPage.default.giroPreencherSenha();\n  _LoginPage.default.giroConfirmarLogin();\n});\n_LoginPage.default.preencher2FA();\n_LoginPage.default.giroLogadoComSucesso();\n_SearchPage.default.giroBuscaOrigem();\n_SearchPage.default.giroBuscaDestino();\n_SearchPage.default.giroDataIda();\n_SearchPage.default.giroConfirmarBusca();\n_OfferPage.default.giroSelecionarPassagemIda();\n_PassengerPage.default.giroSelecionarPassageiro();\n_SeatMapPage.default.giroSelecionarAssento();\n_CheckoutPage.default.giroResumoCompra();",
              "err": {},
              "uuid": "c1de391e-fe6f-4757-8782-1c13210f8ce5",
              "parentUUID": "cb616575-47c6-400f-9563-0f764f7d50f2",
              "isHook": false,
              "skipped": false
            }
          ],
          "suites": [],
          "passes": [
            "c1de391e-fe6f-4757-8782-1c13210f8ce5"
          ],
          "failures": [],
          "pending": [],
          "skipped": [],
          "duration": 82158,
          "root": false,
          "rootEmpty": false,
          "_timeout": 2000
        }
      ],
      "passes": [],
      "failures": [],
      "pending": [],
      "skipped": [],
      "duration": 0,
      "root": true,
      "rootEmpty": true,
      "_timeout": 2000
    }
  ],
  "meta": {
    "mocha": {
      "version": "7.2.0"
    },
    "mochawesome": {
      "options": {
        "quiet": false,
        "reportFilename": "mochawesome",
        "saveHtml": false,
        "saveJson": true,
        "consoleReporter": "spec",
        "useInlineDiffs": false,
        "code": true
      },
      "version": "7.1.4"
    },
    "marge": {
      "options": {
        "reportDir": "cypress/reports/.jsons",
        "charts": true,
        "reportPageTitle": "Relatório de Testes em Produção - ODH/ODP/Giro/Wemobi/UTP",
        "overwrite": false,
        "html": false,
        "json": true,
        "embeddedScreenshots": true,
        "inlineAssets": true
      },
      "version": "6.3.2"
    }
  }
}