{
  "stats": {
    "suites": 1,
    "tests": 1,
    "passes": 1,
    "pending": 0,
    "failures": 0,
    "start": "2026-08-06T13:31:33.003Z",
    "end": "2026-08-06T13:32:47.320Z",
    "duration": 74317,
    "testsRegistered": 1,
    "passPercent": 100,
    "pendingPercent": 0,
    "other": 0,
    "hasOther": false,
    "skipped": 0,
    "hasSkipped": false
  },
  "results": [
    {
      "uuid": "d9adc2b0-9679-40ba-8f77-b2068d5a52cb",
      "title": "",
      "fullFile": "cypress/e2e/00_smoke/05_Cometa.cy.js",
      "file": "cypress/e2e/00_smoke/05_Cometa.cy.js",
      "beforeHooks": [],
      "afterHooks": [],
      "tests": [],
      "suites": [
        {
          "uuid": "e8701329-0687-4d35-a7a2-1aafabec4a2d",
          "title": "Viação Cometa",
          "fullFile": "",
          "file": "",
          "beforeHooks": [],
          "afterHooks": [],
          "tests": [
            {
              "title": "Viação Cometa - Deve fazer login, busca de destinos, selecionar datas, seleção de passagens, selecionar assentos",
              "fullTitle": "Viação Cometa Viação Cometa - Deve fazer login, busca de destinos, selecionar datas, seleção de passagens, selecionar assentos",
              "timedOut": null,
              "duration": 71257,
              "state": "passed",
              "speed": "slow",
              "pass": true,
              "fail": false,
              "pending": false,
              "context": null,
              "code": "cy.env([\"login1\", \"senha1\"]).then(() => {\n  cy.visit(cometa);\n  _LoginPage.default.abrirModalLogin();\n  _LoginPage.default.preencherUsuario();\n  _LoginPage.default.PreencherSenha();\n  _LoginPage.default.confirmarLogin();\n  _LoginPage.default.logadoComSucesso();\n});\n_SearchPage.default.buscaOrigem();\n_SearchPage.default.buscaDestino();\n_SearchPage.default.dataIda();\n_SearchPage.default.confirmarBusca();\n_OfferPage.default.selecionarPassagemIda();\n_PassengerPage.default.selecionarPassageiro();\n_SeatMapPage.default.selecionarAssento();\n_CheckoutPage.default.resumoDaCompra();\n// cy.get('[alt=\"loader\"]').should('not.be.visible')\n// cy.url({ timeout: 90000 }).should('include', '/pagamento')\n// Não finalizar a compra para evitar transações reais\n// cy.get('[alt=\"loader\"]').should('not.exist')\n// cy.get('#tab-pix').click()\n// cy.get('.conditions-check', { timeout: 20000 }).click({ force: true })\n// cy.get('#payment-submit').should('be.visible').and('not.be.disabled').click();",
              "err": {},
              "uuid": "063cdf61-0486-46de-b69b-a7e0b328f905",
              "parentUUID": "e8701329-0687-4d35-a7a2-1aafabec4a2d",
              "isHook": false,
              "skipped": false
            }
          ],
          "suites": [],
          "passes": [
            "063cdf61-0486-46de-b69b-a7e0b328f905"
          ],
          "failures": [],
          "pending": [],
          "skipped": [],
          "duration": 71257,
          "root": false,
          "rootEmpty": false,
          "_timeout": 2000
        }
      ],
      "passes": [],
      "failures": [],
      "pending": [],
      "skipped": [],
      "duration": 0,
      "root": true,
      "rootEmpty": true,
      "_timeout": 2000
    }
  ],
  "meta": {
    "mocha": {
      "version": "7.2.0"
    },
    "mochawesome": {
      "options": {
        "quiet": false,
        "reportFilename": "mochawesome",
        "saveHtml": false,
        "saveJson": true,
        "consoleReporter": "spec",
        "useInlineDiffs": false,
        "code": true
      },
      "version": "7.1.4"
    },
    "marge": {
      "options": {
        "reportDir": "cypress/reports/.jsons",
        "charts": true,
        "reportPageTitle": "Relatório de Testes em Produção - ODH/ODP/Giro/Wemobi/UTP",
        "overwrite": false,
        "html": false,
        "json": true,
        "embeddedScreenshots": true,
        "inlineAssets": true
      },
      "version": "6.3.2"
    }
  }
}