{
  "stats": {
    "suites": 1,
    "tests": 1,
    "passes": 1,
    "pending": 0,
    "failures": 0,
    "start": "2026-08-06T13:30:21.627Z",
    "end": "2026-08-06T13:31:31.173Z",
    "duration": 69546,
    "testsRegistered": 1,
    "passPercent": 100,
    "pendingPercent": 0,
    "other": 0,
    "hasOther": false,
    "skipped": 0,
    "hasSkipped": false
  },
  "results": [
    {
      "uuid": "ca2184aa-c06e-4df7-9631-da3110de161f",
      "title": "",
      "fullFile": "cypress/e2e/00_smoke/04_Wemobi.cy.js",
      "file": "cypress/e2e/00_smoke/04_Wemobi.cy.js",
      "beforeHooks": [],
      "afterHooks": [],
      "tests": [],
      "suites": [
        {
          "uuid": "fe8cba8a-29d4-4444-a53b-905ba12f5a62",
          "title": "Wemobi",
          "fullFile": "",
          "file": "",
          "beforeHooks": [],
          "afterHooks": [],
          "tests": [
            {
              "title": "Wemobi - Deve fazer login, busca de destinos, selecionar datas, seleção de passagens, selecionar assentos",
              "fullTitle": "Wemobi Wemobi - Deve fazer login, busca de destinos, selecionar datas, seleção de passagens, selecionar assentos",
              "timedOut": null,
              "duration": 66626,
              "state": "passed",
              "speed": "slow",
              "pass": true,
              "fail": false,
              "pending": false,
              "context": null,
              "code": "cy.env([\"login\", \"senha\"]).then(() => {\n  cy.visit(wemobi);\n  _LoginPage.default.wemobiModalLogin();\n  _LoginPage.default.wemobiPreencherUsuario();\n  _LoginPage.default.wemobiPreencherSenha();\n  _LoginPage.default.wemobiConfirmarLogin();\n  _LoginPage.default.wemobiLogadoComSucesso();\n});\n_SearchPage.default.wemobiBuscaOrigem();\n_SearchPage.default.wemobiBuscaDestino();\n_SearchPage.default.wemobiDataIda();\n_SearchPage.default.wemobiConfirmarBusca();\n_OfferPage.default.wemobiSelecionarPassagemIda();\n_PassengerPage.default.wemobiSelecionarPassageiro();\n_SeatMapPage.default.wemobiSelecionarAssento();\n_CheckoutPage.default.wemobiResumoCompra();",
              "err": {},
              "uuid": "2053c2f1-e78c-4571-a316-e1440c6e7798",
              "parentUUID": "fe8cba8a-29d4-4444-a53b-905ba12f5a62",
              "isHook": false,
              "skipped": false
            }
          ],
          "suites": [],
          "passes": [
            "2053c2f1-e78c-4571-a316-e1440c6e7798"
          ],
          "failures": [],
          "pending": [],
          "skipped": [],
          "duration": 66626,
          "root": false,
          "rootEmpty": false,
          "_timeout": 2000
        }
      ],
      "passes": [],
      "failures": [],
      "pending": [],
      "skipped": [],
      "duration": 0,
      "root": true,
      "rootEmpty": true,
      "_timeout": 2000
    }
  ],
  "meta": {
    "mocha": {
      "version": "7.2.0"
    },
    "mochawesome": {
      "options": {
        "quiet": false,
        "reportFilename": "mochawesome",
        "saveHtml": false,
        "saveJson": true,
        "consoleReporter": "spec",
        "useInlineDiffs": false,
        "code": true
      },
      "version": "7.1.4"
    },
    "marge": {
      "options": {
        "reportDir": "cypress/reports/.jsons",
        "charts": true,
        "reportPageTitle": "Relatório de Testes em Produção - ODH/ODP/Giro/Wemobi/UTP",
        "overwrite": false,
        "html": false,
        "json": true,
        "embeddedScreenshots": true,
        "inlineAssets": true
      },
      "version": "6.3.2"
    }
  }
}