<?xml version="1.0" encoding="UTF-8"?>
<robot generator="Robot 7.4.2 (Python 3.14.5 on win32)" generated="2026-07-02T15:42:23.060885" rpa="false" schemaversion="5">
<suite id="s1" name="1001 Login" source="C:\automacao-web-mobile\app\app1001\1001_login.robot">
<test id="s1-t1" name="Deve realizar o login com sucesso" line="11">
<kw name="Start session" owner="base">
<kw name="Carregar Variaveis De Ambiente" owner="base">
<kw name="Evaluate" owner="BuiltIn">
<arg>__import__('dotenv').load_dotenv(dotenv_path='app/.env')</arg>
<doc>Evaluates the given expression in Python and returns the result.</doc>
<status status="PASS" start="2026-07-02T15:42:23.300588" elapsed="0.005295"/>
</kw>
<kw name="Get Environment Variable" owner="OperatingSystem">
<msg time="2026-07-02T15:42:23.306191" level="INFO">${env_login} = anderson.ssantos@jcatlm.com.br</msg>
<var>${env_login}</var>
<arg>LOGIN</arg>
<doc>Returns the value of an environment variable with the given name.</doc>
<status status="PASS" start="2026-07-02T15:42:23.306023" elapsed="0.000193"/>
</kw>
<kw name="Get Environment Variable" owner="OperatingSystem">
<msg time="2026-07-02T15:42:23.306393" level="INFO">${env_senha} = AndJca26</msg>
<var>${env_senha}</var>
<arg>SENHA</arg>
<doc>Returns the value of an environment variable with the given name.</doc>
<status status="PASS" start="2026-07-02T15:42:23.306298" elapsed="0.000113"/>
</kw>
<kw name="Get Environment Variable" owner="OperatingSystem">
<msg time="2026-07-02T15:42:23.306559" level="INFO">${env_gmail_pass} = xhhq qfkh lhei coyr</msg>
<var>${env_gmail_pass}</var>
<arg>GMAIL_APP_PASS</arg>
<doc>Returns the value of an environment variable with the given name.</doc>
<status status="PASS" start="2026-07-02T15:42:23.306471" elapsed="0.000104"/>
</kw>
<kw name="Get Environment Variable" owner="OperatingSystem">
<msg time="2026-07-02T15:42:23.306715" level="INFO">${env_gmail_user} = andynho1987@gmail.com</msg>
<var>${env_gmail_user}</var>
<arg>GMAIL_USER</arg>
<doc>Returns the value of an environment variable with the given name.</doc>
<status status="PASS" start="2026-07-02T15:42:23.306636" elapsed="0.000097"/>
</kw>
<kw name="Set Global Variable" owner="BuiltIn">
<msg time="2026-07-02T15:42:23.307060" level="INFO">${LOGIN} = anderson.ssantos@jcatlm.com.br</msg>
<arg>${LOGIN}</arg>
<arg>${env_login}</arg>
<doc>Makes a variable available globally in all tests and suites.</doc>
<status status="PASS" start="2026-07-02T15:42:23.306801" elapsed="0.000288"/>
</kw>
<kw name="Set Global Variable" owner="BuiltIn">
<msg time="2026-07-02T15:42:23.307367" level="INFO">${SENHA} = AndJca26</msg>
<arg>${SENHA}</arg>
<arg>${env_senha}</arg>
<doc>Makes a variable available globally in all tests and suites.</doc>
<status status="PASS" start="2026-07-02T15:42:23.307157" elapsed="0.000236"/>
</kw>
<kw name="Set Global Variable" owner="BuiltIn">
<msg time="2026-07-02T15:42:23.307641" level="INFO">${GMAIL_USER} = andynho1987@gmail.com</msg>
<arg>${GMAIL_USER}</arg>
<arg>${env_gmail_user}</arg>
<doc>Makes a variable available globally in all tests and suites.</doc>
<status status="PASS" start="2026-07-02T15:42:23.307455" elapsed="0.000212"/>
</kw>
<kw name="Set Global Variable" owner="BuiltIn">
<msg time="2026-07-02T15:42:23.307912" level="INFO">${GMAIL_APP_PASS} = xhhq qfkh lhei coyr</msg>
<arg>${GMAIL_APP_PASS}</arg>
<arg>${env_gmail_pass}</arg>
<doc>Makes a variable available globally in all tests and suites.</doc>
<status status="PASS" start="2026-07-02T15:42:23.307729" elapsed="0.000206"/>
</kw>
<doc>Carrega o arquivo .env e cria as variáveis globais para o teste.</doc>
<status status="PASS" start="2026-07-02T15:42:23.299900" elapsed="0.008079"/>
</kw>
<kw name="Open Application" owner="AppiumLibrary">
<arg>http://127.0.0.1:4723</arg>
<arg>platformName=Android</arg>
<arg>appium:deviceName=emulator-5554</arg>
<arg>appium:automationName=UiAutomator2</arg>
<arg>appium:appPackage=br.com.autoviacao1001.autoviacao1001app</arg>
<arg>appium:appActivity=.MainActivity</arg>
<arg>appWaitDuration=60000</arg>
<arg>appium:autoGrantPermissions=${True}</arg>
<arg>appium:ensureWebviewsHavePages=${True}</arg>
<arg>appium:clearDeviceLogs=${True}</arg>
<arg>appium:nativeWebScreenshot=${True}</arg>
<arg>appium:uiautomator2ServerLaunchTimeout=${120000}</arg>
<arg>appium:uiautomator2ServerInstallTimeout=${60000}</arg>
<arg>appium:adbExecTimeout=${60000}</arg>
<arg>appium:newCommandTimeout=${300}</arg>
<arg>appium:connectHardwareKeyboard=${True}</arg>
<arg>appium:socketConnectionTimeout=${90000}</arg>
<arg>appium:androidInstallTimeout= ${120000}</arg>
<doc>Opens a new application to the given Appium server.
Capabilities of appium server, Android and iOS,
Please check https://appium.io/docs/en/2.19/guides/caps/
| *Option*            | *Man.* | *Description*     |
| remote_url          | Yes    | Appium server url |
| alias               | No     | alias             |</doc>
<status status="PASS" start="2026-07-02T15:42:23.308038" elapsed="6.099058"/>
</kw>
<status status="PASS" start="2026-07-02T15:42:23.299414" elapsed="6.107987"/>
</kw>
<kw name="Login" owner="base">
<kw name="Sleep" owner="BuiltIn">
<msg time="2026-07-02T15:42:34.409955" level="INFO">Slept 5 seconds.</msg>
<arg>5s</arg>
<doc>Pauses the test executed for the given time.</doc>
<status status="PASS" start="2026-07-02T15:42:29.409108" elapsed="5.000964"/>
</kw>
<kw name="Wait Until Element Is Visible" owner="AppiumLibrary">
<msg time="2026-07-02T15:42:34.615423" level="INFO">xpath criteria: //android.widget.TextView[@text="Digite seu CPF ou E-mail"]</msg>
<arg>xpath=//android.widget.TextView[@text="Digite seu CPF ou E-mail"]</arg>
<arg>timeout=60s</arg>
<doc>Waits until the element specified by the ``locator`` is visible.</doc>
<status status="PASS" start="2026-07-02T15:42:34.410219" elapsed="0.205320"/>
</kw>
<kw name="Click Element" owner="AppiumLibrary">
<msg time="2026-07-02T15:42:34.617125" level="INFO">Clicking element 'xpath=//android.widget.EditText[@resource-id="user"]'.</msg>
<msg time="2026-07-02T15:42:34.746136" level="INFO">xpath criteria: //android.widget.EditText[@resource-id="user"]</msg>
<arg>xpath=//android.widget.EditText[@resource-id="user"]</arg>
<doc>Clicks the element identified by ``locator``.</doc>
<status status="PASS" start="2026-07-02T15:42:34.615711" elapsed="0.130532"/>
</kw>
<kw name="Input Text" owner="AppiumLibrary">
<msg time="2026-07-02T15:42:34.747378" level="INFO">Typing text 'anderson.ssantos@jcatlm.com.br' into text field 'xpath=//android.widget.EditText[@resource-id="user"]'</msg>
<msg time="2026-07-02T15:42:35.709775" level="INFO">xpath criteria: //android.widget.EditText[@resource-id="user"]</msg>
<arg>xpath=//android.widget.EditText[@resource-id="user"]</arg>
<arg>${LOGIN}</arg>
<doc>Types the given ``text`` into the text field identified by ``locator``.</doc>
<status status="PASS" start="2026-07-02T15:42:34.746444" elapsed="0.963420"/>
</kw>
<kw name="Input Password" owner="AppiumLibrary">
<msg time="2026-07-02T15:42:35.710810" level="INFO">Typing password into text field 'xpath=//android.widget.EditText[@resource-id="password"]'</msg>
<msg time="2026-07-02T15:42:36.542237" level="INFO">xpath criteria: //android.widget.EditText[@resource-id="password"]</msg>
<arg>xpath=//android.widget.EditText[@resource-id="password"]</arg>
<arg>${SENHA}</arg>
<doc>Types the given password into the text field identified by ``locator``.</doc>
<status status="PASS" start="2026-07-02T15:42:35.710064" elapsed="0.832258"/>
</kw>
<kw name="Click Element" owner="AppiumLibrary">
<msg time="2026-07-02T15:42:36.543262" level="INFO">Clicking element 'xpath=//android.view.ViewGroup[@content-desc="Entrar"]/android.view.View'.</msg>
<msg time="2026-07-02T15:42:38.228883" level="INFO">xpath criteria: //android.view.ViewGroup[@content-desc="Entrar"]/android.view.View</msg>
<arg>xpath=//android.view.ViewGroup[@content-desc="Entrar"]/android.view.View</arg>
<doc>Clicks the element identified by ``locator``.</doc>
<status status="PASS" start="2026-07-02T15:42:36.542500" elapsed="1.686488"/>
</kw>
<kw name="Sleep" owner="BuiltIn">
<msg time="2026-07-02T15:42:43.230250" level="INFO">Slept 5 seconds.</msg>
<arg>5s</arg>
<doc>Pauses the test executed for the given time.</doc>
<status status="PASS" start="2026-07-02T15:42:38.229218" elapsed="5.001203"/>
</kw>
<kw name="Log To Console" owner="BuiltIn">
<arg>\nTela de Busca exibida com sucesso!</arg>
<doc>Logs the given message to the console.</doc>
<status status="PASS" start="2026-07-02T15:42:43.230630" elapsed="0.000578"/>
</kw>
<kw name="Wait Until Element Is Visible" owner="AppiumLibrary">
<arg>android=new UiSelector().className("android.view.ViewGroup").instance(13)</arg>
<doc>Waits until the element specified by the ``locator`` is visible.</doc>
<status status="PASS" start="2026-07-02T15:42:43.231308" elapsed="0.072291"/>
</kw>
<kw name="Click Element" owner="AppiumLibrary">
<msg time="2026-07-02T15:42:43.304605" level="INFO">Clicking element 'android=new UiSelector().className("android.view.ViewGroup").instance(13)'.</msg>
<arg>android=new UiSelector().className("android.view.ViewGroup").instance(13)</arg>
<doc>Clicks the element identified by ``locator``.</doc>
<status status="PASS" start="2026-07-02T15:42:43.303827" elapsed="0.117711"/>
</kw>
<kw name="Wait Until Element Is Visible" owner="AppiumLibrary">
<msg time="2026-07-02T15:42:44.955643" level="INFO">xpath criteria: //android.widget.TextView[@resource-id="name"]</msg>
<arg>xpath=//android.widget.TextView[@resource-id="name"]</arg>
<doc>Waits until the element specified by the ``locator`` is visible.</doc>
<status status="PASS" start="2026-07-02T15:42:43.421686" elapsed="1.534040"/>
</kw>
<kw name="Log To Console" owner="BuiltIn">
<arg>\nLogin realizado com sucesso!</arg>
<doc>Logs the given message to the console.</doc>
<status status="PASS" start="2026-07-02T15:42:44.955879" elapsed="0.000351"/>
</kw>
<kw name="Log To Console" owner="BuiltIn">
<arg>\nOlá, Anderson Silva</arg>
<doc>Logs the given message to the console.</doc>
<status status="PASS" start="2026-07-02T15:42:44.956349" elapsed="0.000566"/>
</kw>
<kw name="Wait Until Element Is Visible" owner="AppiumLibrary">
<msg time="2026-07-02T15:42:45.373020" level="INFO">xpath criteria: //android.widget.TextView[@text="Sair"]</msg>
<arg>xpath=//android.widget.TextView[@text="Sair"]</arg>
<arg>timeout=15s</arg>
<doc>Waits until the element specified by the ``locator`` is visible.</doc>
<status status="PASS" start="2026-07-02T15:42:44.957049" elapsed="0.416148"/>
</kw>
<kw name="Click Element" owner="AppiumLibrary">
<msg time="2026-07-02T15:42:45.374143" level="INFO">Clicking element 'xpath=//android.widget.TextView[@text="Sair"]'.</msg>
<msg time="2026-07-02T15:42:45.563488" level="INFO">xpath criteria: //android.widget.TextView[@text="Sair"]</msg>
<arg>xpath=//android.widget.TextView[@text="Sair"]</arg>
<doc>Clicks the element identified by ``locator``.</doc>
<status status="PASS" start="2026-07-02T15:42:45.373374" elapsed="0.190251"/>
</kw>
<kw name="Wait Until Element Is Visible" owner="AppiumLibrary">
<msg time="2026-07-02T15:42:47.046000" level="INFO">xpath criteria: //android.widget.TextView[@text="Digite seu CPF ou E-mail"]
xpath criteria: //android.widget.TextView[@text="Digite seu CPF ou E-mail"]</msg>
<arg>xpath=//android.widget.TextView[@text="Digite seu CPF ou E-mail"]</arg>
<arg>timeout=60s</arg>
<doc>Waits until the element specified by the ``locator`` is visible.</doc>
<status status="PASS" start="2026-07-02T15:42:45.563869" elapsed="1.482235"/>
</kw>
<kw name="Log To Console" owner="BuiltIn">
<arg>\nUsuário deslogado com sucesso!</arg>
<doc>Logs the given message to the console.</doc>
<status status="PASS" start="2026-07-02T15:42:47.046450" elapsed="0.000513"/>
</kw>
<kw name="Sleep" owner="BuiltIn">
<msg time="2026-07-02T15:42:50.047614" level="INFO">Slept 3 seconds.</msg>
<arg>3s</arg>
<doc>Pauses the test executed for the given time.</doc>
<status status="PASS" start="2026-07-02T15:42:47.047074" elapsed="3.000638"/>
</kw>
<status status="PASS" start="2026-07-02T15:42:29.408693" elapsed="20.639085"/>
</kw>
<kw name="Close session" owner="base">
<kw name="Close Application" owner="AppiumLibrary">
<doc>Closes the current application and the webdriver session.</doc>
<status status="PASS" start="2026-07-02T15:42:50.048452" elapsed="0.642953"/>
</kw>
<status status="PASS" start="2026-07-02T15:42:50.048113" elapsed="0.643393"/>
</kw>
<status status="PASS" start="2026-07-02T15:42:23.298460" elapsed="27.393599"/>
</test>
<status status="PASS" start="2026-07-02T15:42:23.062409" elapsed="27.630235"/>
</suite>
<statistics>
<total>
<stat pass="1" fail="0" skip="0">All Tests</stat>
</total>
<tag>
</tag>
<suite>
<stat name="1001 Login" id="s1" pass="1" fail="0" skip="0">1001 Login</stat>
</suite>
</statistics>
<errors>
</errors>
</robot>
