<?xml version="1.0" encoding="UTF-8"?>
<robot generator="Robot 7.4.2 (Python 3.14.5 on win32)" generated="2026-08-13T16:50:28.468839" rpa="false" schemaversion="5">
<suite id="s1" name="Automacao-Web-Mobile" source="C:\automacao-web-mobile">
<suite id="s1-s1" name="App" source="C:\automacao-web-mobile\app">
<suite id="s1-s1-s1" name="appGiro" source="C:\automacao-web-mobile\app\appGiro">
<suite id="s1-s1-s1-s1" name="Giro Login" source="C:\automacao-web-mobile\app\appGiro\giro_login.robot">
<test id="s1-s1-s1-s1-t1" name="Deve Realizar O Login Com Sucesso Tratando 2FA Se Solicitado" line="16">
<kw name="Start session" owner="giro_base">
<kw name="Carregar Variaveis De Ambiente" owner="giro_base">
<kw name="Evaluate" owner="BuiltIn">
<arg>__import__('dotenv').load_dotenv(dotenv_path='app/.env')</arg>
<doc>Evaluates the given expression in Python and returns the result.</doc>
<status status="PASS" start="2026-08-13T16:50:28.839797" elapsed="0.009209"/>
</kw>
<kw name="Get Environment Variable" owner="OperatingSystem">
<msg time="2026-08-13T16:50:28.849744" level="INFO">${env_login2} = anderson.ssantos@jcatlm.com.br</msg>
<var>${env_login2}</var>
<arg>LOGIN2</arg>
<doc>Returns the value of an environment variable with the given name.</doc>
<status status="PASS" start="2026-08-13T16:50:28.849308" elapsed="0.000664"/>
</kw>
<kw name="Get Environment Variable" owner="OperatingSystem">
<msg time="2026-08-13T16:50:28.850490" level="INFO">${env_senha2} = AndJca26</msg>
<var>${env_senha2}</var>
<arg>SENHA2</arg>
<doc>Returns the value of an environment variable with the given name.</doc>
<status status="PASS" start="2026-08-13T16:50:28.850174" elapsed="0.000670"/>
</kw>
<kw name="Get Environment Variable" owner="OperatingSystem">
<msg time="2026-08-13T16:50:28.851494" level="INFO">${env_gmail_pass} = xhhq qfkh lhei coyr</msg>
<var>${env_gmail_pass}</var>
<arg>GMAIL_APP_PASS</arg>
<doc>Returns the value of an environment variable with the given name.</doc>
<status status="PASS" start="2026-08-13T16:50:28.851027" elapsed="0.000605"/>
</kw>
<kw name="Get Environment Variable" owner="OperatingSystem">
<msg time="2026-08-13T16:50:28.852301" level="INFO">${env_gmail_user} = andynho1987@gmail.com</msg>
<var>${env_gmail_user}</var>
<arg>GMAIL_USER</arg>
<doc>Returns the value of an environment variable with the given name.</doc>
<status status="PASS" start="2026-08-13T16:50:28.851790" elapsed="0.000744"/>
</kw>
<kw name="Get Environment Variable" owner="OperatingSystem">
<msg time="2026-08-13T16:50:28.853346" level="INFO">${env_remetente_app} = noreply-admin@jcatlm.com.br</msg>
<var>${env_remetente_app}</var>
<arg>REMETENTE_APP</arg>
<doc>Returns the value of an environment variable with the given name.</doc>
<status status="PASS" start="2026-08-13T16:50:28.852849" elapsed="0.000684"/>
</kw>
<kw name="Set Global Variable" owner="BuiltIn">
<msg time="2026-08-13T16:50:28.854562" level="INFO">${LOGIN2} = anderson.ssantos@jcatlm.com.br</msg>
<arg>${LOGIN2}</arg>
<arg>${env_login2}</arg>
<doc>Makes a variable available globally in all tests and suites.</doc>
<status status="PASS" start="2026-08-13T16:50:28.853799" elapsed="0.000977"/>
</kw>
<kw name="Set Global Variable" owner="BuiltIn">
<msg time="2026-08-13T16:50:28.855586" level="INFO">${SENHA2} = AndJca26</msg>
<arg>${SENHA2}</arg>
<arg>${env_senha2}</arg>
<doc>Makes a variable available globally in all tests and suites.</doc>
<status status="PASS" start="2026-08-13T16:50:28.854958" elapsed="0.000791"/>
</kw>
<kw name="Set Global Variable" owner="BuiltIn">
<msg time="2026-08-13T16:50:28.857564" level="INFO">${GMAIL_USER} = andynho1987@gmail.com</msg>
<arg>${GMAIL_USER}</arg>
<arg>${env_gmail_user}</arg>
<doc>Makes a variable available globally in all tests and suites.</doc>
<status status="PASS" start="2026-08-13T16:50:28.856027" elapsed="0.001847"/>
</kw>
<kw name="Set Global Variable" owner="BuiltIn">
<msg time="2026-08-13T16:50:28.859564" level="INFO">${GMAIL_APP_PASS} = xhhq qfkh lhei coyr</msg>
<arg>${GMAIL_APP_PASS}</arg>
<arg>${env_gmail_pass}</arg>
<doc>Makes a variable available globally in all tests and suites.</doc>
<status status="PASS" start="2026-08-13T16:50:28.858249" elapsed="0.001586"/>
</kw>
<kw name="Set Global Variable" owner="BuiltIn">
<msg time="2026-08-13T16:50:28.861057" level="INFO">${REMETENTE_APP} = noreply-admin@jcatlm.com.br</msg>
<arg>${REMETENTE_APP}</arg>
<arg>${env_remetente_app}</arg>
<doc>Makes a variable available globally in all tests and suites.</doc>
<status status="PASS" start="2026-08-13T16:50:28.860065" elapsed="0.001283"/>
</kw>
<status status="PASS" start="2026-08-13T16:50:28.838629" elapsed="0.022894"/>
</kw>
<kw name="Open Application" owner="AppiumLibrary">
<msg time="2026-08-13T16:50:30.888310" level="WARN">Retrying (Retry(total=2, connect=None, read=None, redirect=None, status=None)) after connection broken by 'NewConnectionError("HTTPConnection(host='127.0.0.1', port=4723): Failed to establish a new connection: [WinError 10061] Nenhuma conexão pôde ser feita porque a máquina de destino as recusou ativamente")': /session</msg>
<msg time="2026-08-13T16:50:32.920599" level="WARN">Retrying (Retry(total=1, connect=None, read=None, redirect=None, status=None)) after connection broken by 'NewConnectionError("HTTPConnection(host='127.0.0.1', port=4723): Failed to establish a new connection: [WinError 10061] Nenhuma conexão pôde ser feita porque a máquina de destino as recusou ativamente")': /session</msg>
<msg time="2026-08-13T16:50:34.940779" level="WARN">Retrying (Retry(total=0, connect=None, read=None, redirect=None, status=None)) after connection broken by 'NewConnectionError("HTTPConnection(host='127.0.0.1', port=4723): Failed to establish a new connection: [WinError 10061] Nenhuma conexão pôde ser feita porque a máquina de destino as recusou ativamente")': /session</msg>
<kw name="Capture Page Screenshot" owner="AppiumLibrary">
<msg time="2026-08-13T16:50:36.974013" level="FAIL">No application is open</msg>
<doc>Takes a screenshot of the current page and embeds it into the log.</doc>
<status status="FAIL" start="2026-08-13T16:50:36.973332" elapsed="0.011366">No application is open</status>
</kw>
<msg time="2026-08-13T16:50:36.984970" level="WARN">Keyword 'Capture Page Screenshot' could not be run on failure: No application is open</msg>
<msg time="2026-08-13T16:50:36.992966" level="FAIL">MaxRetryError: HTTPConnectionPool(host='127.0.0.1', port=4723): Max retries exceeded with url: /session (Caused by NewConnectionError("HTTPConnection(host='127.0.0.1', port=4723): Failed to establish a new connection: [WinError 10061] Nenhuma conexão pôde ser feita porque a máquina de destino as recusou ativamente"))</msg>
<arg>http://127.0.0.1:4723</arg>
<arg>platformName=Android</arg>
<arg>appium:deviceName=emulator-5554</arg>
<arg>appium:automationName=UiAutomator2</arg>
<arg>appium:appPackage=com.everymind.clubegiro</arg>
<arg>appium:appActivity=.MainActivity</arg>
<arg>appWaitDuration=50000</arg>
<arg>appium:autoGrantPermissions=${True}</arg>
<arg>appium:ensureWebviewsHavePages=${True}</arg>
<arg>appium:clearDeviceLogs=${True}</arg>
<arg>appium:nativeWebScreenshot=${True}</arg>
<arg>appium:uiautomator2ServerLaunchTimeout=${90000}</arg>
<arg>appium:uiautomator2ServerInstallTimeout=${60000}</arg>
<arg>appium:adbExecTimeout=${60000}</arg>
<arg>appium:newCommandTimeout=${300}</arg>
<arg>appium:connectHardwareKeyboard=${True}</arg>
<arg>appium:socketConnectionTimeout=${90000}</arg>
<doc>Opens a new application to the given Appium server.
Capabilities of appium server, Android and iOS,
Please check https://appium.io/docs/en/2.19/guides/caps/
| *Option*            | *Man.* | *Description*     |
| remote_url          | Yes    | Appium server url |
| alias               | No     | alias             |</doc>
<status status="FAIL" start="2026-08-13T16:50:28.861697" elapsed="8.138453">MaxRetryError: HTTPConnectionPool(host='127.0.0.1', port=4723): Max retries exceeded with url: /session (Caused by NewConnectionError("HTTPConnection(host='127.0.0.1', port=4723): Failed to establish a new connection: [WinError 10061] Nenhuma conexão pôde ser feita porque a máquina de destino as recusou ativamente"))</status>
</kw>
<status status="FAIL" start="2026-08-13T16:50:28.837837" elapsed="8.162582">MaxRetryError: HTTPConnectionPool(host='127.0.0.1', port=4723): Max retries exceeded with url: /session (Caused by NewConnectionError("HTTPConnection(host='127.0.0.1', port=4723): Failed to establish a new connection: [WinError 10061] Nenhuma conexão pôde ser feita porque a máquina de destino as recusou ativamente"))</status>
</kw>
<kw name="Login" owner="giro_base">
<doc>Preenche credenciais e clica ACESSAR.
► Antes de clicar: fotografa o ID do último e-mail (âncora).
► Ap</doc>
<status status="NOT RUN" start="2026-08-13T16:50:37.000896" elapsed="0.000248"/>
</kw>
<kw name="Tratar Banner De Login Se Aparecer" owner="giro_base">
<status status="NOT RUN" start="2026-08-13T16:50:37.001472" elapsed="0.000163"/>
</kw>
<kw name="Click Element" owner="AppiumLibrary">
<arg>xpath=//android.widget.TextView[@text="Menu"]</arg>
<doc>Clicks the element identified by ``locator``.</doc>
<status status="NOT RUN" start="2026-08-13T16:50:37.001825" elapsed="0.000130"/>
</kw>
<kw name="Wait Until Element Is Visible" owner="AppiumLibrary">
<arg>xpath=//android.widget.TextView[@text="Acessar minha conta"]</arg>
<arg>timeout=40s</arg>
<doc>Waits until the element specified by the ``locator`` is visible.</doc>
<status status="NOT RUN" start="2026-08-13T16:50:37.002194" elapsed="0.000154"/>
</kw>
<kw name="Swipe" owner="AppiumLibrary">
<arg>start_x=545</arg>
<arg>start_y=2280</arg>
<arg>end_x=559</arg>
<arg>end_y=78</arg>
<arg>duration=1s</arg>
<doc>Swipes from one point to another point, for an optional ``duration``.</doc>
<status status="NOT RUN" start="2026-08-13T16:50:37.002560" elapsed="0.000133"/>
</kw>
<kw name="Swipe" owner="AppiumLibrary">
<arg>start_x=556</arg>
<arg>start_y=1995</arg>
<arg>end_x=553</arg>
<arg>end_y=542</arg>
<arg>duration=1s</arg>
<doc>Swipes from one point to another point, for an optional ``duration``.</doc>
<status status="NOT RUN" start="2026-08-13T16:50:37.002869" elapsed="0.000117"/>
</kw>
<kw name="Wait Until Element Is Visible" owner="AppiumLibrary">
<arg>xpath=//android.view.ViewGroup[@content-desc="Sair do app"]</arg>
<arg>timeout=40s</arg>
<doc>Waits until the element specified by the ``locator`` is visible.</doc>
<status status="NOT RUN" start="2026-08-13T16:50:37.003175" elapsed="0.000108"/>
</kw>
<kw name="Click Element" owner="AppiumLibrary">
<arg>xpath=//android.view.ViewGroup[@content-desc="Sair do app"]</arg>
<doc>Clicks the element identified by ``locator``.</doc>
<status status="NOT RUN" start="2026-08-13T16:50:37.003453" elapsed="0.000100"/>
</kw>
<kw name="Wait Until Element Is Visible" owner="AppiumLibrary">
<arg>xpath=//android.widget.Button[@resource-id="android:id/button1"]</arg>
<arg>timeout=30s</arg>
<doc>Waits until the element specified by the ``locator`` is visible.</doc>
<status status="NOT RUN" start="2026-08-13T16:50:37.003973" elapsed="0.000250"/>
</kw>
<kw name="Click Element" owner="AppiumLibrary">
<arg>xpath=//android.widget.Button[@resource-id="android:id/button1"]</arg>
<doc>Clicks the element identified by ``locator``.</doc>
<status status="NOT RUN" start="2026-08-13T16:50:37.004613" elapsed="0.000211"/>
</kw>
<kw name="Log To Console" owner="BuiltIn">
<arg>\nSaindo do App Giro.</arg>
<doc>Logs the given message to the console.</doc>
<status status="NOT RUN" start="2026-08-13T16:50:37.005048" elapsed="0.000286"/>
</kw>
<kw name="Wait Until Element Is Visible" owner="AppiumLibrary">
<arg>accessibility_id=Entrar</arg>
<arg>timeout=60s</arg>
<doc>Waits until the element specified by the ``locator`` is visible.</doc>
<status status="NOT RUN" start="2026-08-13T16:50:37.005697" elapsed="0.000212"/>
</kw>
<tag>login</tag>
<tag>smoke</tag>
<status status="FAIL" start="2026-08-13T16:50:28.821425" elapsed="8.184959">MaxRetryError: HTTPConnectionPool(host='127.0.0.1', port=4723): Max retries exceeded with url: /session (Caused by NewConnectionError("HTTPConnection(host='127.0.0.1', port=4723): Failed to establish a new connection: [WinError 10061] Nenhuma conexão pôde ser feita porque a máquina de destino as recusou ativamente"))</status>
</test>
<doc>Suíte de testes focada no cenário de login da aplicação Clube Giro.</doc>
<status status="FAIL" start="2026-08-13T16:50:28.546093" elapsed="8.485784"/>
</suite>
<status status="FAIL" start="2026-08-13T16:50:28.534227" elapsed="8.503666"/>
</suite>
<status status="FAIL" start="2026-08-13T16:50:28.519078" elapsed="8.527068"/>
</suite>
<status status="FAIL" start="2026-08-13T16:50:28.474683" elapsed="8.575151"/>
</suite>
<statistics>
<total>
<stat pass="0" fail="1" skip="0">All Tests</stat>
</total>
<tag>
<stat pass="0" fail="1" skip="0">login</stat>
<stat pass="0" fail="1" skip="0">smoke</stat>
</tag>
<suite>
<stat name="Automacao-Web-Mobile" id="s1" pass="0" fail="1" skip="0">Automacao-Web-Mobile</stat>
<stat name="App" id="s1-s1" pass="0" fail="1" skip="0">Automacao-Web-Mobile.App</stat>
<stat name="appGiro" id="s1-s1-s1" pass="0" fail="1" skip="0">Automacao-Web-Mobile.App.appGiro</stat>
<stat name="Giro Login" id="s1-s1-s1-s1" pass="0" fail="1" skip="0">Automacao-Web-Mobile.App.appGiro.Giro Login</stat>
</suite>
</statistics>
<errors>
<msg time="2026-08-13T16:50:30.888310" level="WARN">Retrying (Retry(total=2, connect=None, read=None, redirect=None, status=None)) after connection broken by 'NewConnectionError("HTTPConnection(host='127.0.0.1', port=4723): Failed to establish a new connection: [WinError 10061] Nenhuma conexão pôde ser feita porque a máquina de destino as recusou ativamente")': /session</msg>
<msg time="2026-08-13T16:50:32.920599" level="WARN">Retrying (Retry(total=1, connect=None, read=None, redirect=None, status=None)) after connection broken by 'NewConnectionError("HTTPConnection(host='127.0.0.1', port=4723): Failed to establish a new connection: [WinError 10061] Nenhuma conexão pôde ser feita porque a máquina de destino as recusou ativamente")': /session</msg>
<msg time="2026-08-13T16:50:34.940779" level="WARN">Retrying (Retry(total=0, connect=None, read=None, redirect=None, status=None)) after connection broken by 'NewConnectionError("HTTPConnection(host='127.0.0.1', port=4723): Failed to establish a new connection: [WinError 10061] Nenhuma conexão pôde ser feita porque a máquina de destino as recusou ativamente")': /session</msg>
<msg time="2026-08-13T16:50:36.984970" level="WARN">Keyword 'Capture Page Screenshot' could not be run on failure: No application is open</msg>
</errors>
</robot>
